AI for Education: 2 papers
AI for Health: 2 papers
Traceback (most recent call last):
  File "/Users/danielahaidar/Desktop/ai_projects/ai_paper_digest/main.py", line 257, in <module>
    main()
  File "/Users/danielahaidar/Desktop/ai_projects/ai_paper_digest/main.py", line 226, in main
    paper["summary"] = summarize_paper(paper)
                       ^^^^^^^^^^^^^^^^^^^^^^
  File "/Users/danielahaidar/Desktop/ai_projects/ai_paper_digest/main.py", line 119, in summarize_paper
    response = _gemini_client.models.generate_content(
               ^^^^^^^^^^^^^^^^^^^^^^^^^^^^^^^^^^^^^^^
  File "/Users/danielahaidar/miniforge3/envs/ai_projects/lib/python3.11/site-packages/google/genai/models.py", line 6021, in generate_content
    response = self._generate_content(
               ^^^^^^^^^^^^^^^^^^^^^^^
  File "/Users/danielahaidar/miniforge3/envs/ai_projects/lib/python3.11/site-packages/google/genai/models.py", line 4683, in _generate_content
    response = self._api_client.request(
               ^^^^^^^^^^^^^^^^^^^^^^^^^
  File "/Users/danielahaidar/miniforge3/envs/ai_projects/lib/python3.11/site-packages/google/genai/_api_client.py", line 1532, in request
    response = self._request(http_request, http_options, stream=False)
               ^^^^^^^^^^^^^^^^^^^^^^^^^^^^^^^^^^^^^^^^^^^^^^^^^^^^^^^
  File "/Users/danielahaidar/miniforge3/envs/ai_projects/lib/python3.11/site-packages/google/genai/_api_client.py", line 1327, in _request
    return self._retry(self._request_once, http_request, stream)  # type: ignore[no-any-return]
           ^^^^^^^^^^^^^^^^^^^^^^^^^^^^^^^^^^^^^^^^^^^^^^^^^^^^^
  File "/Users/danielahaidar/miniforge3/envs/ai_projects/lib/python3.11/site-packages/tenacity/__init__.py", line 470, in __call__
    do = self.iter(retry_state=retry_state)
         ^^^^^^^^^^^^^^^^^^^^^^^^^^^^^^^^^^
  File "/Users/danielahaidar/miniforge3/envs/ai_projects/lib/python3.11/site-packages/tenacity/__init__.py", line 371, in iter
    result = action(retry_state)
             ^^^^^^^^^^^^^^^^^^^
  File "/Users/danielahaidar/miniforge3/envs/ai_projects/lib/python3.11/site-packages/tenacity/__init__.py", line 413, in exc_check
    raise retry_exc.reraise()
          ^^^^^^^^^^^^^^^^^^^
  File "/Users/danielahaidar/miniforge3/envs/ai_projects/lib/python3.11/site-packages/tenacity/__init__.py", line 184, in reraise
    raise self.last_attempt.result()
          ^^^^^^^^^^^^^^^^^^^^^^^^^^
  File "/Users/danielahaidar/miniforge3/envs/ai_projects/lib/python3.11/concurrent/futures/_base.py", line 449, in result
    return self.__get_result()
           ^^^^^^^^^^^^^^^^^^^
  File "/Users/danielahaidar/miniforge3/envs/ai_projects/lib/python3.11/concurrent/futures/_base.py", line 401, in __get_result
    raise self._exception
  File "/Users/danielahaidar/miniforge3/envs/ai_projects/lib/python3.11/site-packages/tenacity/__init__.py", line 473, in __call__
    result = fn(*args, **kwargs)
             ^^^^^^^^^^^^^^^^^^^
  File "/Users/danielahaidar/miniforge3/envs/ai_projects/lib/python3.11/site-packages/google/genai/_api_client.py", line 1304, in _request_once
    errors.APIError.raise_for_response(response)
  File "/Users/danielahaidar/miniforge3/envs/ai_projects/lib/python3.11/site-packages/google/genai/errors.py", line 155, in raise_for_response
    cls.raise_error(response.status_code, response_json, response)
  File "/Users/danielahaidar/miniforge3/envs/ai_projects/lib/python3.11/site-packages/google/genai/errors.py", line 186, in raise_error
    raise ServerError(status_code, response_json, response)
google.genai.errors.ServerError: 503 UNAVAILABLE. {'error': {'code': 503, 'message': 'This model is currently experiencing high demand. Spikes in demand are usually temporary. Please try again later.', 'status': 'UNAVAILABLE'}}
